#
# There is insufficient memory for the Java Runtime Environment to continue.
# Native memory allocation (malloc) failed to allocate 776976 bytes for Chunk::new
# Possible reasons:
#   The system is out of physical RAM or swap space
#   The process is running with CompressedOops enabled, and the Java Heap may be blocking the growth of the native heap
# Possible solutions:
#   Reduce memory load on the system
#   Increase physical memory or swap space
#   Check if swap backing store is full
#   Decrease Java heap size (-Xmx/-Xms)
#   Decrease number of Java threads
#   Decrease Java thread stack sizes (-Xss)
#   Set larger code cache with -XX:ReservedCodeCacheSize=
#   JVM is running with Unscaled Compressed Oops mode in which the Java heap is
#     placed in the first 4GB address space. The Java Heap base address is the
#     maximum limit for the native heap growth. Please use -XX:HeapBaseMinAddress
#     to set the Java Heap base and to place the Java Heap above 4GB virtual address.
# This output file may be truncated or incomplete.
#
#  Out of Memory Error (allocation.cpp:389), pid=21692, tid=0x0000000000004fc0
#
# JRE version: OpenJDK Runtime Environment (8.0_212-b04) (build 1.8.0_212-release-1586-b04)
# Java VM: OpenJDK 64-Bit Server VM (25.212-b04 mixed mode windows-amd64 compressed oops)
# Failed to write core dump. Minidumps are not enabled by default on client versions of Windows
#

---------------  T H R E A D  ---------------

Current thread (0x000000001622d800):  JavaThread "C2 CompilerThread2" daemon [_thread_in_native, id=20416, stack(0x0000000016cf0000,0x0000000016df0000)]

Stack: [0x0000000016cf0000,0x0000000016df0000]
[error occurred during error reporting (printing stack bounds), id 0xc0000005]

Native frames: (J=compiled Java code, j=interpreted, Vv=VM code, C=native code)


Current CompileTask:
C2:  20748 17527   !   4       org.gradle.internal.classloader.CachingClassLoader::loadClass (85 bytes)


---------------  P R O C E S S  ---------------

Java Threads: ( => current thread )
  0x0000000017e3d800 JavaThread "WorkerExecutor Queue Thread 7" [_thread_blocked, id=16980, stack(0x0000000029fd0000,0x000000002a0d0000)]
  0x0000000017e46800 JavaThread "WorkerExecutor Queue Thread 6" [_thread_blocked, id=11840, stack(0x0000000029ed0000,0x0000000029fd0000)]
  0x0000000017e48800 JavaThread "WorkerExecutor Queue Thread 5" [_thread_blocked, id=8248, stack(0x0000000029dd0000,0x0000000029ed0000)]
  0x0000000017e44000 JavaThread "WorkerExecutor Queue Thread 4" [_thread_blocked, id=20632, stack(0x0000000029cd0000,0x0000000029dd0000)]
  0x0000000017e4a000 JavaThread "WorkerExecutor Queue Thread 3" [_thread_blocked, id=8452, stack(0x0000000029bd0000,0x0000000029cd0000)]
  0x0000000017e47000 JavaThread "ForkJoinPool.commonPool-worker-7" daemon [_thread_blocked, id=6984, stack(0x0000000029620000,0x0000000029720000)]
  0x0000000017e48000 JavaThread "ForkJoinPool.commonPool-worker-6" daemon [_thread_blocked, id=22384, stack(0x0000000029520000,0x0000000029620000)]
  0x0000000017e3c800 JavaThread "ForkJoinPool.commonPool-worker-5" daemon [_thread_blocked, id=20620, stack(0x0000000029420000,0x0000000029520000)]
  0x0000000017e43800 JavaThread "ForkJoinPool.commonPool-worker-4" daemon [_thread_blocked, id=7348, stack(0x0000000029320000,0x0000000029420000)]
  0x0000000017e3c000 JavaThread "ForkJoinPool.commonPool-worker-3" daemon [_thread_blocked, id=20204, stack(0x0000000029220000,0x0000000029320000)]
  0x0000000017e42800 JavaThread "ForkJoinPool.commonPool-worker-2" daemon [_thread_blocked, id=23364, stack(0x0000000029120000,0x0000000029220000)]
  0x0000000017e3f800 JavaThread "ForkJoinPool.commonPool-worker-1" daemon [_thread_blocked, id=11184, stack(0x0000000029020000,0x0000000029120000)]
  0x0000000017e3e000 JavaThread "Cache worker for Java compile cache (F:\users\hassan.naqvi\StudioProjects\LHWMISValidation\.gradle\5.6.4\javaCompile)" [_thread_blocked, id=2676, stack(0x0000000027f20000,0x0000000028020000)]
  0x0000000017e3b000 JavaThread "Cache worker for Java compile cache (C:\Users\hassan.naqvi\.gradle\caches\5.6.4\javaCompile)" [_thread_blocked, id=18376, stack(0x0000000027e20000,0x0000000027f20000)]
  0x000000001b5c6800 JavaThread "WorkerExecutor Queue Thread 2" [_thread_blocked, id=23312, stack(0x0000000024db0000,0x0000000024eb0000)]
  0x000000001b5c5000 JavaThread "stdout" [_thread_in_native, id=12048, stack(0x00000000238e0000,0x00000000239e0000)]
  0x000000001b5c4000 JavaThread "stderr" [_thread_in_native, id=7120, stack(0x00000000237e0000,0x00000000238e0000)]
  0x000000001b5bf800 JavaThread "pool-2-thread-1" [_thread_blocked, id=19712, stack(0x00000000236e0000,0x00000000237e0000)]
  0x000000001b5c3800 JavaThread "WorkerExecutor Queue" [_thread_blocked, id=1512, stack(0x00000000235e0000,0x00000000236e0000)]
  0x000000001b5c2800 JavaThread "Cache worker for execution history cache (F:\users\hassan.naqvi\StudioProjects\LHWMISValidation\.gradle\5.6.4\executionHistory)" [_thread_blocked, id=14716, stack(0x00000000230e0000,0x00000000231e0000)]
  0x000000001b5c2000 JavaThread "Execution worker for ':' Thread 7" [_thread_blocked, id=12332, stack(0x0000000022de0000,0x0000000022ee0000)]
  0x000000001b5c0800 JavaThread "Execution worker for ':' Thread 6" [_thread_in_native, id=14176, stack(0x0000000022ce0000,0x0000000022de0000)]
  0x000000001e59c800 JavaThread "Execution worker for ':' Thread 5" [_thread_blocked, id=22100, stack(0x0000000022be0000,0x0000000022ce0000)]
  0x000000001e59b800 JavaThread "Execution worker for ':' Thread 4" [_thread_blocked, id=2656, stack(0x0000000022ae0000,0x0000000022be0000)]
  0x000000001e59a000 JavaThread "Execution worker for ':' Thread 3" [_thread_blocked, id=19668, stack(0x00000000229e0000,0x0000000022ae0000)]
  0x000000001e598000 JavaThread "Execution worker for ':' Thread 2" [_thread_blocked, id=23392, stack(0x00000000228e0000,0x00000000229e0000)]
  0x000000001e598800 JavaThread "Execution worker for ':'" [_thread_blocked, id=15612, stack(0x00000000227e0000,0x00000000228e0000)]
  0x000000001e59b000 JavaThread "Cache worker for file content cache (F:\users\hassan.naqvi\StudioProjects\LHWMISValidation\.gradle\5.6.4\fileContent)" [_thread_blocked, id=11980, stack(0x00000000222e0000,0x00000000223e0000)]
  0x000000001e59e000 JavaThread "Cache worker for file content cache (C:\Users\hassan.naqvi\.gradle\caches\5.6.4\fileContent)" [_thread_blocked, id=16564, stack(0x0000000021fb0000,0x00000000220b0000)]
  0x000000001e59d000 JavaThread "Memory manager" [_thread_blocked, id=9380, stack(0x0000000021eb0000,0x0000000021fb0000)]
  0x000000001e596800 JavaThread "Cache worker for Build Output Cleanup Cache (F:\users\hassan.naqvi\StudioProjects\LHWMISValidation\.gradle\buildOutputCleanup)" [_thread_blocked, id=16640, stack(0x00000000215b0000,0x00000000216b0000)]
  0x000000001e599800 JavaThread "pool-1-thread-1" [_thread_blocked, id=18328, stack(0x00000000212b0000,0x00000000213b0000)]
  0x000000001e597000 JavaThread "Build operations Thread 8" [_thread_blocked, id=21640, stack(0x0000000020fb0000,0x00000000210b0000)]
  0x000000001e58f000 JavaThread "Build operations Thread 7" [_thread_blocked, id=16088, stack(0x0000000020eb0000,0x0000000020fb0000)]
  0x000000001e593800 JavaThread "Build operations Thread 6" [_thread_blocked, id=19268, stack(0x0000000020db0000,0x0000000020eb0000)]
  0x000000001e592000 JavaThread "Build operations Thread 5" [_thread_blocked, id=7808, stack(0x0000000020cb0000,0x0000000020db0000)]
  0x000000001e591000 JavaThread "Build operations Thread 4" [_thread_blocked, id=7792, stack(0x0000000020bb0000,0x0000000020cb0000)]
  0x000000001e595000 JavaThread "Build operations Thread 3" [_thread_blocked, id=17632, stack(0x0000000020ab0000,0x0000000020bb0000)]
  0x000000001e58f800 JavaThread "Build operations Thread 2" [_thread_blocked, id=2344, stack(0x00000000209b0000,0x0000000020ab0000)]
  0x000000001e590800 JavaThread "Build operations" [_thread_blocked, id=5608, stack(0x00000000208b0000,0x00000000209b0000)]
  0x000000001e595800 JavaThread "Cache worker for execution history cache (C:\Users\hassan.naqvi\.gradle\caches\5.6.4\executionHistory)" [_thread_blocked, id=18444, stack(0x0000000020210000,0x0000000020310000)]
  0x0000000018ca2000 JavaThread "Cache worker for cache directory md-rule (C:\Users\hassan.naqvi\.gradle\caches\5.6.4\md-rule)" [_thread_blocked, id=17600, stack(0x000000001f140000,0x000000001f240000)]
  0x0000000018ca0800 JavaThread "Cache worker for cache directory md-supplier (C:\Users\hassan.naqvi\.gradle\caches\5.6.4\md-supplier)" [_thread_blocked, id=6956, stack(0x000000001f040000,0x000000001f140000)]
  0x0000000018ca3800 JavaThread "Cache worker for file hash cache (F:\users\hassan.naqvi\StudioProjects\LHWMISValidation\.gradle\5.6.4\fileHashes)" [_thread_blocked, id=2336, stack(0x000000001c0e0000,0x000000001c1e0000)]
  0x0000000018c9d800 JavaThread "Cache worker for journal cache (C:\Users\hassan.naqvi\.gradle\caches\journal-1)" [_thread_blocked, id=6860, stack(0x000000001b010000,0x000000001b110000)]
  0x0000000018ca4800 JavaThread "File lock request listener" [_thread_in_native, id=22084, stack(0x000000001af10000,0x000000001b010000)]
  0x0000000018ca3000 JavaThread "Cache worker for file hash cache (C:\Users\hassan.naqvi\.gradle\caches\5.6.4\fileHashes)" [_thread_blocked, id=9936, stack(0x000000001ae10000,0x000000001af10000)]
  0x0000000018b92000 JavaThread "Thread-9" [_thread_blocked, id=12996, stack(0x000000001ab10000,0x000000001ac10000)]
  0x0000000018b8f800 JavaThread "Stdin handler" [_thread_blocked, id=16380, stack(0x000000001aa10000,0x000000001ab10000)]
  0x0000000018b8e800 JavaThread "Asynchronous log dispatcher for DefaultDaemonConnection: socket connection from /127.0.0.1:47265 to /127.0.0.1:47266" [_thread_blocked, id=11960, stack(0x000000001a910000,0x000000001aa10000)]
  0x0000000018b9c800 JavaThread "Daemon worker" [_thread_blocked, id=9688, stack(0x000000001a710000,0x000000001a810000)]
  0x0000000018b9b000 JavaThread "Cancel handler" [_thread_blocked, id=14884, stack(0x000000001a610000,0x000000001a710000)]
  0x0000000018ba2000 JavaThread "Handler for socket connection from /127.0.0.1:47265 to /127.0.0.1:47266" [_thread_in_native, id=4028, stack(0x000000001a310000,0x000000001a410000)]
  0x0000000018b75800 JavaThread "Daemon" [_thread_blocked, id=14544, stack(0x000000001a210000,0x000000001a310000)]
  0x0000000018b22000 JavaThread "Daemon periodic checks" [_thread_blocked, id=9948, stack(0x000000001a110000,0x000000001a210000)]
  0x0000000018b4a800 JavaThread "Incoming local TCP Connector on port 47265" [_thread_in_native, id=6592, stack(0x0000000019ed0000,0x0000000019fd0000)]
  0x0000000018a2b000 JavaThread "Daemon health stats" [_thread_blocked, id=21460, stack(0x0000000019890000,0x0000000019990000)]
  0x00000000162bf800 JavaThread "Service Thread" daemon [_thread_blocked, id=19116, stack(0x0000000016ef0000,0x0000000016ff0000)]
  0x0000000016233800 JavaThread "C1 CompilerThread3" daemon [_thread_blocked, id=15504, stack(0x0000000016df0000,0x0000000016ef0000)]
=>0x000000001622d800 JavaThread "C2 CompilerThread2" daemon [_thread_in_native, id=20416, stack(0x0000000016cf0000,0x0000000016df0000)]
  0x000000001621e000 JavaThread "C2 CompilerThread1" daemon [_thread_blocked, id=9684, stack(0x0000000016bf0000,0x0000000016cf0000)]
  0x0000000016219800 JavaThread "C2 CompilerThread0" daemon [_thread_blocked, id=20520, stack(0x0000000016af0000,0x0000000016bf0000)]
  0x0000000016218000 JavaThread "Attach Listener" daemon [_thread_blocked, id=7588, stack(0x00000000169f0000,0x0000000016af0000)]
  0x0000000016217000 JavaThread "Signal Dispatcher" daemon [_thread_blocked, id=23440, stack(0x00000000168f0000,0x00000000169f0000)]
  0x0000000002b9c800 JavaThread "Finalizer" daemon [_thread_blocked, id=12164, stack(0x00000000166f0000,0x00000000167f0000)]
  0x0000000016210800 JavaThread "Reference Handler" daemon [_thread_blocked, id=17484, stack(0x00000000165f0000,0x00000000166f0000)]
  0x0000000002aa2800 JavaThread "main" [_thread_blocked, id=6692, stack(0x00000000029a0000,0x0000000002aa0000)]

Other Threads:
  0x0000000014406800 VMThread [stack: 0x00000000160f0000,0x00000000161f0000] [id=2704]
  0x00000000162c0800 WatcherThread [stack: 0x0000000016ff0000,0x00000000170f0000] [id=9160]

VM state:not at safepoint (normal execution)

VM Mutex/Monitor currently owned by a thread: None

heap address: 0x00000000e0000000, size: 512 MB, Compressed Oops mode: 32-bit
Narrow klass base: 0x0000000000000000, Narrow klass shift: 3
Compressed class space size: 1073741824 Address: 0x0000000100000000

Heap:
 PSYoungGen      total 117760K, used 47389K [0x00000000f5580000, 0x00000000ff980000, 0x0000000100000000)
  eden space 67072K, 51% used [0x00000000f5580000,0x00000000f770c220,0x00000000f9700000)
  from space 50688K, 25% used [0x00000000fc500000,0x00000000fd1bb378,0x00000000ff680000)
  to   space 47104K, 0% used [0x00000000f9700000,0x00000000f9700000,0x00000000fc500000)
 ParOldGen       total 349696K, used 125293K [0x00000000e0000000, 0x00000000f5580000, 0x00000000f5580000)
  object space 349696K, 35% used [0x00000000e0000000,0x00000000e7a5b7e8,0x00000000f5580000)
 Metaspace       used 95741K, capacity 99666K, committed 99736K, reserved 1136640K
  class space    used 12585K, capacity 13450K, committed 13464K, reserved 1048576K

Card table byte_map: [0x0000000011f60000,0x0000000012070000] byte_map_base: 0x0000000011860000

Marking Bits: (ParMarkBitMap*) 0x00000000765d9f30
 Begin Bits: [0x0000000012920000, 0x0000000013120000)
 End Bits:   [0x0000000013120000, 0x0000000013920000)

Polling page: 0x0000000000bd0000

CodeCache: size=245760Kb used=45409Kb max_used=45418Kb free=200350Kb
 bounds [0x0000000002ba0000, 0x0000000005840000, 0x0000000011ba0000]
 total_blobs=15262 nmethods=14369 adapters=804
 compilation: enabled

Compilation events (10 events):
Event: 20.725 Thread 0x0000000016233800 17557       3       com.google.common.collect.CollectSpliterators$1WithCharacteristics::lambda$forEachRemaining$1 (14 bytes)
Event: 20.725 Thread 0x0000000016233800 nmethod 17557 0x00000000044ab210 code [0x00000000044ab380, 0x00000000044ab658]
Event: 20.729 Thread 0x0000000016233800 17559       1       com.google.common.cache.LocalCache$StrongValueReference::get (5 bytes)
Event: 20.729 Thread 0x0000000016233800 nmethod 17559 0x00000000036d02d0 code [0x00000000036d0420, 0x00000000036d0530]
Event: 20.730 Thread 0x000000001621e000 17560       4       java.util.Collections::singletonList (9 bytes)
Event: 20.730 Thread 0x0000000016233800 17561       3       com.google.gson.internal.$Gson$Types::resolve (14 bytes)
Event: 20.730 Thread 0x0000000016233800 nmethod 17561 0x0000000005831550 code [0x0000000005831700, 0x0000000005831bc8]
Event: 20.730 Thread 0x0000000016233800 17562       3       com.google.gson.reflect.TypeToken::<init> (41 bytes)
Event: 20.731 Thread 0x000000001621e000 nmethod 17560 0x000000000479b510 code [0x000000000479b660, 0x000000000479b738]
Event: 20.731 Thread 0x0000000016233800 nmethod 17562 0x0000000005830d50 code [0x0000000005830f00, 0x0000000005831358]

GC Heap History (10 events):
Event: 18.880 GC heap before
{Heap before GC invocations=32 (full 4):
 PSYoungGen      total 116736K, used 66617K [0x00000000f5580000, 0x0000000100000000, 0x0000000100000000)
  eden space 58880K, 100% used [0x00000000f5580000,0x00000000f8f00000,0x00000000f8f00000)
  from space 57856K, 13% used [0x00000000f8f00000,0x00000000f968e4d0,0x00000000fc780000)
  to   space 57856K, 0% used [0x00000000fc780000,0x00000000fc780000,0x0000000100000000)
 ParOldGen       total 349696K, used 110828K [0x00000000e0000000, 0x00000000f5580000, 0x00000000f5580000)
  object space 349696K, 31% used [0x00000000e0000000,0x00000000e6c3b370,0x00000000f5580000)
 Metaspace       used 85667K, capacity 88392K, committed 89112K, reserved 1126400K
  class space    used 11048K, capacity 11671K, committed 11800K, reserved 1048576K
Event: 18.886 GC heap after
Heap after GC invocations=32 (full 4):
 PSYoungGen      total 116736K, used 7908K [0x00000000f5580000, 0x0000000100000000, 0x0000000100000000)
  eden space 58880K, 0% used [0x00000000f5580000,0x00000000f5580000,0x00000000f8f00000)
  from space 57856K, 13% used [0x00000000fc780000,0x00000000fcf39030,0x0000000100000000)
  to   space 57856K, 0% used [0x00000000f8f00000,0x00000000f8f00000,0x00000000fc780000)
 ParOldGen       total 349696K, used 112171K [0x00000000e0000000, 0x00000000f5580000, 0x00000000f5580000)
  object space 349696K, 32% used [0x00000000e0000000,0x00000000e6d8acf0,0x00000000f5580000)
 Metaspace       used 85667K, capacity 88392K, committed 89112K, reserved 1126400K
  class space    used 11048K, capacity 11671K, committed 11800K, reserved 1048576K
}
Event: 18.930 GC heap before
{Heap before GC invocations=33 (full 4):
 PSYoungGen      total 116736K, used 66788K [0x00000000f5580000, 0x0000000100000000, 0x0000000100000000)
  eden space 58880K, 100% used [0x00000000f5580000,0x00000000f8f00000,0x00000000f8f00000)
  from space 57856K, 13% used [0x00000000fc780000,0x00000000fcf39030,0x0000000100000000)
  to   space 57856K, 0% used [0x00000000f8f00000,0x00000000f8f00000,0x00000000fc780000)
 ParOldGen       total 349696K, used 112171K [0x00000000e0000000, 0x00000000f5580000, 0x00000000f5580000)
  object space 349696K, 32% used [0x00000000e0000000,0x00000000e6d8ad08,0x00000000f5580000)
 Metaspace       used 85669K, capacity 88392K, committed 89112K, reserved 1126400K
  class space    used 11048K, capacity 11671K, committed 11800K, reserved 1048576K
Event: 18.936 GC heap after
Heap after GC invocations=33 (full 4):
 PSYoungGen      total 67072K, used 7851K [0x00000000f5580000, 0x00000000fff00000, 0x0000000100000000)
  eden space 58880K, 0% used [0x00000000f5580000,0x00000000f5580000,0x00000000f8f00000)
  from space 8192K, 95% used [0x00000000f8f00000,0x00000000f96aacb0,0x00000000f9700000)
  to   space 57344K, 0% used [0x00000000fc700000,0x00000000fc700000,0x00000000fff00000)
 ParOldGen       total 349696K, used 113483K [0x00000000e0000000, 0x00000000f5580000, 0x00000000f5580000)
  object space 349696K, 32% used [0x00000000e0000000,0x00000000e6ed2d18,0x00000000f5580000)
 Metaspace       used 85669K, capacity 88392K, committed 89112K, reserved 1126400K
  class space    used 11048K, capacity 11671K, committed 11800K, reserved 1048576K
}
Event: 19.212 GC heap before
{Heap before GC invocations=34 (full 4):
 PSYoungGen      total 67072K, used 66731K [0x00000000f5580000, 0x00000000fff00000, 0x0000000100000000)
  eden space 58880K, 100% used [0x00000000f5580000,0x00000000f8f00000,0x00000000f8f00000)
  from space 8192K, 95% used [0x00000000f8f00000,0x00000000f96aacb0,0x00000000f9700000)
  to   space 57344K, 0% used [0x00000000fc700000,0x00000000fc700000,0x00000000fff00000)
 ParOldGen       total 349696K, used 113487K [0x00000000e0000000, 0x00000000f5580000, 0x00000000f5580000)
  object space 349696K, 32% used [0x00000000e0000000,0x00000000e6ed3ce0,0x00000000f5580000)
 Metaspace       used 87412K, capacity 90356K, committed 90904K, reserved 1128448K
  class space    used 11319K, capacity 11981K, committed 12056K, reserved 1048576K
Event: 19.221 GC heap after
Heap after GC invocations=34 (full 4):
 PSYoungGen      total 119808K, used 12350K [0x00000000f5580000, 0x0000000100000000, 0x0000000100000000)
  eden space 62464K, 0% used [0x00000000f5580000,0x00000000f5580000,0x00000000f9280000)
  from space 57344K, 21% used [0x00000000fc700000,0x00000000fd30faa0,0x00000000fff00000)
  to   space 53760K, 0% used [0x00000000f9280000,0x00000000f9280000,0x00000000fc700000)
 ParOldGen       total 349696K, used 114853K [0x00000000e0000000, 0x00000000f5580000, 0x00000000f5580000)
  object space 349696K, 32% used [0x00000000e0000000,0x00000000e70297a0,0x00000000f5580000)
 Metaspace       used 87412K, capacity 90356K, committed 90904K, reserved 1128448K
  class space    used 11319K, capacity 11981K, committed 12056K, reserved 1048576K
}
Event: 19.880 GC heap before
{Heap before GC invocations=35 (full 4):
 PSYoungGen      total 119808K, used 74814K [0x00000000f5580000, 0x0000000100000000, 0x0000000100000000)
  eden space 62464K, 100% used [0x00000000f5580000,0x00000000f9280000,0x00000000f9280000)
  from space 57344K, 21% used [0x00000000fc700000,0x00000000fd30faa0,0x00000000fff00000)
  to   space 53760K, 0% used [0x00000000f9280000,0x00000000f9280000,0x00000000fc700000)
 ParOldGen       total 349696K, used 114853K [0x00000000e0000000, 0x00000000f5580000, 0x00000000f5580000)
  object space 349696K, 32% used [0x00000000e0000000,0x00000000e70297a0,0x00000000f5580000)
 Metaspace       used 93556K, capacity 97166K, committed 97432K, reserved 1134592K
  class space    used 12278K, capacity 13104K, committed 13208K, reserved 1048576K
Event: 19.896 GC heap after
Heap after GC invocations=35 (full 4):
 PSYoungGen      total 72704K, used 10206K [0x00000000f5580000, 0x00000000ff680000, 0x0000000100000000)
  eden space 62464K, 0% used [0x00000000f5580000,0x00000000f5580000,0x00000000f9280000)
  from space 10240K, 99% used [0x00000000f9280000,0x00000000f9c77a60,0x00000000f9c80000)
  to   space 50688K, 0% used [0x00000000fc500000,0x00000000fc500000,0x00000000ff680000)
 ParOldGen       total 349696K, used 123782K [0x00000000e0000000, 0x00000000f5580000, 0x00000000f5580000)
  object space 349696K, 35% used [0x00000000e0000000,0x00000000e78e1880,0x00000000f5580000)
 Metaspace       used 93556K, capacity 97166K, committed 97432K, reserved 1134592K
  class space    used 12278K, capacity 13104K, committed 13208K, reserved 1048576K
}
Event: 20.421 GC heap before
{Heap before GC invocations=36 (full 4):
 PSYoungGen      total 72704K, used 71497K [0x00000000f5580000, 0x00000000ff680000, 0x0000000100000000)
  eden space 62464K, 98% used [0x00000000f5580000,0x00000000f915aad8,0x00000000f9280000)
  from space 10240K, 99% used [0x00000000f9280000,0x00000000f9c77a60,0x00000000f9c80000)
  to   space 50688K, 0% used [0x00000000fc500000,0x00000000fc500000,0x00000000ff680000)
 ParOldGen       total 349696K, used 123782K [0x00000000e0000000, 0x00000000f5580000, 0x00000000f5580000)
  object space 349696K, 35% used [0x00000000e0000000,0x00000000e78e1880,0x00000000f5580000)
 Metaspace       used 95405K, capacity 99382K, committed 99480K, reserved 1134592K
  class space    used 12546K, capacity 13406K, committed 13464K, reserved 1048576K
Event: 20.432 GC heap after
Heap after GC invocations=36 (full 4):
 PSYoungGen      total 117760K, used 13036K [0x00000000f5580000, 0x00000000ff980000, 0x0000000100000000)
  eden space 67072K, 0% used [0x00000000f5580000,0x00000000f5580000,0x00000000f9700000)
  from space 50688K, 25% used [0x00000000fc500000,0x00000000fd1bb378,0x00000000ff680000)
  to   space 47104K, 0% used [0x00000000f9700000,0x00000000f9700000,0x00000000fc500000)
 ParOldGen       total 349696K, used 125293K [0x00000000e0000000, 0x00000000f5580000, 0x00000000f5580000)
  object space 349696K, 35% used [0x00000000e0000000,0x00000000e7a5b7e8,0x00000000f5580000)
 Metaspace       used 95405K, capacity 99382K, committed 99480K, reserved 1134592K
  class space    used 12546K, capacity 13406K, committed 13464K, reserved 1048576K
}

Deoptimization events (10 events):
Event: 20.352 Thread 0x0000000017e3d800 Uncommon trap: reason=class_check action=maybe_recompile pc=0x000000000354906c method=com.google.common.collect.Iterables.castOrCopyToCollection(Ljava/lang/Iterable;)Ljava/util/Collection; @ 1
Event: 20.366 Thread 0x0000000017e3d800 Uncommon trap: reason=unstable_if action=reinterpret pc=0x0000000004daef50 method=java.util.stream.StreamOpFlag.getMask(I)I @ 1
Event: 20.432 Thread 0x0000000016210800 Uncommon trap: reason=unstable_if action=reinterpret pc=0x0000000002e5f4b8 method=java.lang.ref.Reference.tryHandlePending(Z)Z @ 20
Event: 20.678 Thread 0x0000000017e3d800 Uncommon trap: reason=class_check action=maybe_recompile pc=0x0000000004086a3c method=java.io.OutputStream.write([B)V @ 5
Event: 20.678 Thread 0x0000000017e3d800 Uncommon trap: reason=class_check action=maybe_recompile pc=0x0000000004086a3c method=java.io.OutputStream.write([B)V @ 5
Event: 20.690 Thread 0x0000000017e3d800 Uncommon trap: reason=class_check action=maybe_recompile pc=0x0000000004086a3c method=java.io.OutputStream.write([B)V @ 5
Event: 20.690 Thread 0x0000000017e3d800 Uncommon trap: reason=class_check action=maybe_recompile pc=0x0000000004086a3c method=java.io.OutputStream.write([B)V @ 5
Event: 20.692 Thread 0x0000000017e3d800 Uncommon trap: reason=unstable_if action=reinterpret pc=0x00000000049ed43c method=java.nio.Bits.getInt(Ljava/nio/ByteBuffer;IZ)I @ 1
Event: 20.694 Thread 0x0000000017e3d800 Uncommon trap: reason=unstable_if action=reinterpret pc=0x00000000049ecfd0 method=java.nio.Bits.getInt(Ljava/nio/ByteBuffer;IZ)I @ 1
Event: 20.702 Thread 0x0000000017e3d800 Uncommon trap: reason=unstable_if action=reinterpret pc=0x000000000505fb00 method=sun.nio.ch.IOUtil.writeFromNativeBuffer(Ljava/io/FileDescriptor;Ljava/nio/ByteBuffer;JLsun/nio/ch/NativeDispatcher;)I @ 66

Classes redefined (0 events):
No events

Internal exceptions (10 events):
Event: 20.211 Thread 0x0000000017e45800 Exception <a 'sun/nio/fs/WindowsException'> (0x00000000f7b08d40) thrown at [D:\src\AOSP-openjdk-cygwin\jdk8u\hotspot\src\share\vm\prims\jni.cpp, line 710]
Event: 20.313 Thread 0x000000001b5c0800 Exception <a 'java/lang/NoSuchMethodError': <clinit>> (0x00000000f7d5d410) thrown at [D:\src\AOSP-openjdk-cygwin\jdk8u\hotspot\src\share\vm\prims\jni.cpp, line 1614]
Event: 20.313 Thread 0x000000001b5c0800 Exception <a 'java/lang/NoSuchMethodError': <clinit>> (0x00000000f7d61c70) thrown at [D:\src\AOSP-openjdk-cygwin\jdk8u\hotspot\src\share\vm\prims\jni.cpp, line 1614]
Event: 20.314 Thread 0x000000001b5c0800 Exception <a 'java/lang/NoSuchMethodError': <clinit>> (0x00000000f7d7be28) thrown at [D:\src\AOSP-openjdk-cygwin\jdk8u\hotspot\src\share\vm\prims\jni.cpp, line 1614]
Event: 20.315 Thread 0x000000001b5c0800 Exception <a 'java/lang/NoSuchMethodError': <clinit>> (0x00000000f7da2d78) thrown at [D:\src\AOSP-openjdk-cygwin\jdk8u\hotspot\src\share\vm\prims\jni.cpp, line 1614]
Event: 20.327 Thread 0x0000000017e3d800 Exception <a 'java/lang/NoSuchMethodError': java.lang.Object.lambda$asRunnable$0(Lcom/android/tools/build/apkzlib/utils/IOExceptionRunnable;)V> (0x00000000f7ea2ae0) thrown at [D:\src\AOSP-openjdk-cygwin\jdk8u\hotspot\src\share\vm\interpreter\linkResolver.
Event: 20.356 Thread 0x0000000017e3d800 Exception <a 'java/lang/NoSuchMethodError': java.lang.Object.newSystemTemporaryDirectory()Lcom/android/tools/build/apkzlib/bytestorage/TemporaryDirectory;> (0x00000000f819b788) thrown at [D:\src\AOSP-openjdk-cygwin\jdk8u\hotspot\src\share\vm\interpreter\l
Event: 20.377 Thread 0x0000000017e3d800 Exception <a 'sun/nio/fs/WindowsException'> (0x00000000f83136d0) thrown at [D:\src\AOSP-openjdk-cygwin\jdk8u\hotspot\src\share\vm\prims\jni.cpp, line 710]
Event: 20.377 Thread 0x0000000017e3d800 Exception <a 'sun/nio/fs/WindowsException'> (0x00000000f8313b98) thrown at [D:\src\AOSP-openjdk-cygwin\jdk8u\hotspot\src\share\vm\prims\jni.cpp, line 710]
Event: 20.382 Thread 0x0000000017e3d800 Exception <a 'java/lang/NoSuchMethodError': java.lang.Object.lambda$static$0(Lcom/android/apksig/util/RunnablesProvider;)V> (0x00000000f8368fe8) thrown at [D:\src\AOSP-openjdk-cygwin\jdk8u\hotspot\src\share\vm\interpreter\linkResolver.cpp, line 620]

Events (10 events):
Event: 20.706 loading class com/android/builder/files/KeyedFileCache
Event: 20.706 loading class com/android/builder/files/KeyedFileCache done
Event: 20.727 loading class com/google/wireless/android/sdk/stats/GradleBuildProjectMetrics$1
Event: 20.727 loading class com/google/wireless/android/sdk/stats/GradleBuildProjectMetrics$1 done
Event: 20.728 loading class com/google/wireless/android/sdk/stats/GradleBuildProjectMetrics$Builder
Event: 20.728 loading class com/google/wireless/android/sdk/stats/GradleBuildProjectMetrics$Builder done
Event: 20.730 Executing VM operation: RevokeBias
Event: 20.730 Executing VM operation: RevokeBias done
Event: 20.730 Executing VM operation: RevokeBias
Event: 20.730 Executing VM operation: RevokeBias done


Dynamic libraries:
0x00007ff737ca0000 - 0x00007ff737cd1000 	F:\Program Files\Android\Android Studio\jre\bin\java.exe
0x00007ff95a7a0000 - 0x00007ff95a981000 	C:\WINDOWS\SYSTEM32\ntdll.dll
0x00007ff95a490000 - 0x00007ff95a541000 	C:\WINDOWS\System32\KERNEL32.DLL
0x00007ff957530000 - 0x00007ff9577a3000 	C:\WINDOWS\System32\KERNELBASE.dll
0x00007ff959440000 - 0x00007ff9594e1000 	C:\WINDOWS\System32\ADVAPI32.dll
0x00007ff95a300000 - 0x00007ff95a39e000 	C:\WINDOWS\System32\msvcrt.dll
0x00007ff959ae0000 - 0x00007ff959b3b000 	C:\WINDOWS\System32\sechost.dll
0x00007ff95a640000 - 0x00007ff95a764000 	C:\WINDOWS\System32\RPCRT4.dll
0x00007ff95a160000 - 0x00007ff95a2f0000 	C:\WINDOWS\System32\USER32.dll
0x00007ff9578c0000 - 0x00007ff9578e0000 	C:\WINDOWS\System32\win32u.dll
0x00007ff959b40000 - 0x00007ff959b68000 	C:\WINDOWS\System32\GDI32.dll
0x00007ff9578e0000 - 0x00007ff957a71000 	C:\WINDOWS\System32\gdi32full.dll
0x00007ff957b80000 - 0x00007ff957c1f000 	C:\WINDOWS\System32\msvcp_win.dll
0x00007ff957a80000 - 0x00007ff957b78000 	C:\WINDOWS\System32\ucrtbase.dll
0x00007ff947dd0000 - 0x00007ff948039000 	C:\WINDOWS\WinSxS\amd64_microsoft.windows.common-controls_6595b64144ccf1df_6.0.17134.1304_none_d3fbe61b7c93d9f0\COMCTL32.dll
0x00007ff959d90000 - 0x00007ff95a0b1000 	C:\WINDOWS\System32\combase.dll
0x00007ff956b60000 - 0x00007ff956bd9000 	C:\WINDOWS\System32\bcryptPrimitives.dll
0x00007ff95a610000 - 0x00007ff95a63d000 	C:\WINDOWS\System32\IMM32.DLL
0x00000000759a0000 - 0x0000000075a72000 	F:\Program Files\Android\Android Studio\jre\jre\bin\msvcr100.dll
0x0000000075e10000 - 0x0000000076656000 	F:\Program Files\Android\Android Studio\jre\jre\bin\server\jvm.dll
0x00007ff959430000 - 0x00007ff959438000 	C:\WINDOWS\System32\PSAPI.DLL
0x00007ff954ad0000 - 0x00007ff954af3000 	C:\WINDOWS\SYSTEM32\WINMM.dll
0x00007ff9515a0000 - 0x00007ff9515a9000 	C:\WINDOWS\SYSTEM32\WSOCK32.dll
0x00007ff95a420000 - 0x00007ff95a48c000 	C:\WINDOWS\System32\WS2_32.dll
0x00007ff954aa0000 - 0x00007ff954aca000 	C:\WINDOWS\SYSTEM32\winmmbase.dll
0x00007ff947ca0000 - 0x00007ff947caa000 	C:\WINDOWS\SYSTEM32\VERSION.dll
0x00007ff9572f0000 - 0x00007ff957339000 	C:\WINDOWS\System32\cfgmgr32.dll
0x00007ff942550000 - 0x00007ff94255f000 	F:\Program Files\Android\Android Studio\jre\jre\bin\verify.dll
0x00007ff926620000 - 0x00007ff926649000 	F:\Program Files\Android\Android Studio\jre\jre\bin\java.dll
0x00007ff926600000 - 0x00007ff926616000 	F:\Program Files\Android\Android Studio\jre\jre\bin\zip.dll
0x00007ff957fe0000 - 0x00007ff959425000 	C:\WINDOWS\System32\SHELL32.dll
0x00007ff959cd0000 - 0x00007ff959d79000 	C:\WINDOWS\System32\shcore.dll
0x00007ff956be0000 - 0x00007ff9572f0000 	C:\WINDOWS\System32\windows.storage.dll
0x00007ff95a5b0000 - 0x00007ff95a601000 	C:\WINDOWS\System32\shlwapi.dll
0x00007ff956b20000 - 0x00007ff956b31000 	C:\WINDOWS\System32\kernel.appcore.dll
0x00007ff956b00000 - 0x00007ff956b1f000 	C:\WINDOWS\System32\profapi.dll
0x00007ff956aa0000 - 0x00007ff956aec000 	C:\WINDOWS\System32\powrprof.dll
0x00007ff956af0000 - 0x00007ff956afa000 	C:\WINDOWS\System32\FLTLIB.DLL
0x00007ff9265e0000 - 0x00007ff9265fa000 	F:\Program Files\Android\Android Studio\jre\jre\bin\net.dll
0x00007ff9492e0000 - 0x00007ff9494ad000 	C:\WINDOWS\SYSTEM32\urlmon.dll
0x00007ff94c5a0000 - 0x00007ff94c847000 	C:\WINDOWS\SYSTEM32\iertutil.dll
0x00007ff956490000 - 0x00007ff95649b000 	C:\WINDOWS\SYSTEM32\CRYPTBASE.DLL
0x00007ff9562c0000 - 0x00007ff956326000 	C:\WINDOWS\system32\mswsock.dll
0x00007ff8f63c0000 - 0x00007ff8f63d3000 	F:\Program Files\Android\Android Studio\jre\jre\bin\nio.dll
0x00007ff955780000 - 0x00007ff9557a6000 	C:\Users\hassan.naqvi\.gradle\native\30\windows-amd64\native-platform.dll
0x00007ff93fb60000 - 0x00007ff93fb6d000 	F:\Program Files\Android\Android Studio\jre\jre\bin\management.dll
0x00007ff956470000 - 0x00007ff956487000 	C:\WINDOWS\SYSTEM32\CRYPTSP.dll
0x00007ff955e70000 - 0x00007ff955ea3000 	C:\WINDOWS\system32\rsaenh.dll
0x00007ff9565a0000 - 0x00007ff9565c5000 	C:\WINDOWS\SYSTEM32\bcrypt.dll
0x00007ff9569d0000 - 0x00007ff9569f8000 	C:\WINDOWS\SYSTEM32\USERENV.dll
0x00007ff956010000 - 0x00007ff956048000 	C:\WINDOWS\SYSTEM32\IPHLPAPI.DLL
0x00007ff959d80000 - 0x00007ff959d88000 	C:\WINDOWS\System32\NSI.dll
0x00007ff952b90000 - 0x00007ff952ba6000 	C:\WINDOWS\SYSTEM32\dhcpcsvc6.DLL
0x00007ff952a50000 - 0x00007ff952a6a000 	C:\WINDOWS\SYSTEM32\dhcpcsvc.DLL

VM Arguments:
jvm_args: -XX:MaxMetaspaceSize=256m -XX:+HeapDumpOnOutOfMemoryError -Xms256m -Xmx512m -Dfile.encoding=windows-1252 -Duser.country=US -Duser.language=en -Duser.variant 
java_command: org.gradle.launcher.daemon.bootstrap.GradleDaemon 5.6.4
java_class_path (initial): C:\Users\hassan.naqvi\.gradle\wrapper\dists\gradle-5.6.4-all\ankdp27end7byghfw1q2sw75f\gradle-5.6.4\lib\gradle-launcher-5.6.4.jar
Launcher Type: SUN_STANDARD

Environment Variables:
JAVA_HOME=C:\Program Files\Java\jre1.8.0_171
PATH=C:\Program Files\Microsoft MPI\Bin\;C:\Program Files (x86)\Common Files\Oracle\Java\javapath;C:\ProgramData\Oracle\Java\javapath;C:\WINDOWS\system32;C:\WINDOWS;C:\WINDOWS\System32\Wbem;C:\WINDOWS\System32\WindowsPowerShell\v1.0\;C:\Program Files (x86)\Skype\Phone\;C:\Program Files\dotnet\;F:\users\hassan.naqvi\AppData\Local\Android\Sdk\;F:\users\hassan.naqvi\AppData\Local\Android\Sdk\platform-tools;C:\Program Files (x86)\7-Zip;C:\WINDOWS\System32\OpenSSH\;D:\Program Files\nodejs\;D:\Strawberry\c\bin;D:\Strawberry\perl\site\bin;D:\Strawberry\perl\bin;C:\Users\hassan.naqvi\.gradle\wrapper\dists\gradle-4.4-all\9br9xq1tocpiv8o6njlyu5op1\gradle-4.4\bin;D:\Program Files (x86)\Microsoft Visual Studio\Shared\Python36_64;D:\ProgramData\Anaconda3\Scripts;D:\Program Files\Oracle\MySQL\MySQL Server 8.0\bin;C:\Program Files\Java\jre1.8.0_171;C:\Program Files\Microsoft SQL Server Migration Assistant for MySQL\bin\;C:\Program Files (x86)\Intel\Intel(R) Management Engine Components\DAL;C:\Program Files\Intel\Intel(R) Management Engine Components\DAL;C:\Program Files\Microsoft VS Code\bin;C:\Users\hassan.naqvi\AppData\Local\Microsoft\WindowsApps;f:\Users\hassan.naqvi\AppData\Roaming\npm;C:\Users\hassan.naqvi\AppData\Local\Programs\Microsoft VS Code\bin;D:\Program Files\Oracle\MySQL\MySQL Server 8.0\bin;d:\Program Files\JetBrains\PhpStorm 2018.3.5\bin;;d:\Program Files\Git\cmd
USERNAME=Hassan.naqvi
OS=Windows_NT
PROCESSOR_IDENTIFIER=Intel64 Family 6 Model 158 Stepping 9, GenuineIntel



---------------  S Y S T E M  ---------------

OS: Windows 10.0 , 64 bit Build 17134 (10.0.17134.753)

CPU:total 8 (initial active 8) (4 cores per cpu, 2 threads per core) family 6 model 158 stepping 9, cmov, cx8, fxsr, mmx, sse, sse2, sse3, ssse3, sse4.1, sse4.2, popcnt, avx, avx2, aes, clmul, erms, rtm, 3dnowpref, lzcnt, ht, tsc, tscinvbit, bmi1, bmi2, adx

Memory: 4k page, physical 8264912k(356344k free), swap 21372108k(5344k free)

vm_info: OpenJDK 64-Bit Server VM (25.212-b04) for windows-amd64 JRE (1.8.0_212-release-1586-b04), built by "builder" with MS VC++ 10.0 (VS2010)

time: Wed May 20 16:49:25 2020
timezone: Pakistan Standard Time
elapsed time: 20 seconds (0d 0h 0m 20s)

